Using pre-set license

 COMMAND LINE ARGUMENTS:
/Applications/Unity/Unity.app/Contents/MacOS/Unity
-adb2
-batchMode
-noUpm
-name
AssetImportWorker0
-projectPath
/Users/andrea/Desktop/AndreaBerenguer_AA4
-logFile
Logs/AssetImportWorker0.log
-srvPort
56866
Successfully changed project path to: /Users/andrea/Desktop/AndreaBerenguer_AA4
/Users/andrea/Desktop/AndreaBerenguer_AA4
Using Asset Import Pipeline V2.
Refreshing native plugins compatible for Editor in 42.45 ms, found 1 plugins.
Preloading 0 native plugins for Editor in 0.00 ms.
Initialize engine version: 2021.1.6f1 (c0fade0cc7e9)
[Subsystems] Discovering subsystems at path /Applications/Unity/Unity.app/Contents/Resources/UnitySubsystems
[Subsystems] Discovering subsystems at path /Users/andrea/Desktop/AndreaBerenguer_AA4/Assets
GfxDevice: creating device client; threaded=0; jobified=0
2021-05-23 20:14:04.691 Unity[19788:505639] (null) preferred device: Apple M1 (high power)
2021-05-23 20:14:04.691 Unity[19788:505639] Metal devices available: 1
2021-05-23 20:14:04.691 Unity[19788:505639] 0: Apple M1 (high power)
2021-05-23 20:14:04.691 Unity[19788:505639] Using device Apple M1 (high power)
Initializing Metal device caps: Apple M1
Shader 'Universal Render Pipeline/Particles/Lit': fallback shader 'Universal Render Pipeline/Particles/SimpleLit' not found
Initialize mono
Mono path[0] = '/Applications/Unity/Unity.app/Contents/Managed'
Mono path[1] = '/Applications/Unity/Unity.app/Contents/MonoBleedingEdge/lib/mono/unityjit'
Mono config path = '/Applications/Unity/Unity.app/Contents/MonoBleedingEdge/etc'
Using monoOptions --debugger-agent=transport=dt_socket,embedding=1,server=y,suspend=n,address=127.0.0.1:56788
Begin MonoManager ReloadAssembly
Registering precompiled unity dll's ...
Register platform support module: /Applications/Unity/Unity.app/Contents/PlaybackEngines/MacStandaloneSupport/UnityEditor.OSXStandalone.Extensions.dll
Registered in 0.001491 seconds.
Native extension for OSXStandalone target not found
Refreshing native plugins compatible for Editor in 44.15 ms, found 1 plugins.
Preloading 0 native plugins for Editor in 0.00 ms.
Mono: successfully reloaded assembly
- Completed reload, in  3.059 seconds
Platform modules already initialized, skipping
Registering precompiled user dll's ...
Registered in 0.001746 seconds.
Begin MonoManager ReloadAssembly
Native extension for OSXStandalone target not found
Refreshing native plugins compatible for Editor in 44.58 ms, found 1 plugins.
Preloading 0 native plugins for Editor in 0.00 ms.
Mono: successfully reloaded assembly
- Completed reload, in  2.188 seconds
Platform modules already initialized, skipping
========================================================================
Worker process is ready to serve import requests
Shader 'Universal Render Pipeline/Particles/Lit': fallback shader 'Universal Render Pipeline/Particles/SimpleLit' not found
Launching external process: /Applications/Unity/Unity.app/Contents/Tools/UnityShaderCompiler
Launched and connected shader compiler UnityShaderCompiler after 0.04 seconds
Refreshing native plugins compatible for Editor in 0.36 ms, found 1 plugins.
Preloading 0 native plugins for Editor in 0.00 ms.
Unloading 2752 Unused Serialized files (Serialized files now loaded: 0)
System memory in use before: 199.0 MB.
System memory in use after: 199.2 MB.

Unloading 11 unused Assets to reduce memory usage. Loaded Objects now: 3211.
Total: 1.859875 ms (FindLiveObjects: 0.131417 ms CreateObjectMapping: 0.052917 ms MarkObjects: 1.614958 ms  DeleteObjects: 0.059708 ms)

========================================================================
Received Import Request.
  path: Assets/Sounds/bolas chocan.wav
  artifactKey: Guid(30c0e5b45b9224642ae54ff903dac63b) Importer(815301076,1909f56bfc062723c751e8b465ee728b)
Start importing Assets/Sounds/bolas chocan.wav using Guid(30c0e5b45b9224642ae54ff903dac63b) Importer(815301076,1909f56bfc062723c751e8b465ee728b)  -> (artifact id: '549f20c03e491cc4f45e6ca7feffd60b') in 0.648264 seconds 
========================================================================
Received Prepare
Registering precompiled user dll's ...
Registered in 0.000508 seconds.
Begin MonoManager ReloadAssembly
Native extension for OSXStandalone target not found
Refreshing native plugins compatible for Editor in 0.35 ms, found 1 plugins.
Preloading 0 native plugins for Editor in 0.00 ms.
Mono: successfully reloaded assembly
- Completed reload, in  2.071 seconds
Platform modules already initialized, skipping
Shader 'Universal Render Pipeline/Particles/Lit': fallback shader 'Universal Render Pipeline/Particles/SimpleLit' not found
Refreshing native plugins compatible for Editor in 0.34 ms, found 1 plugins.
Preloading 0 native plugins for Editor in 0.00 ms.
Unloading 2643 Unused Serialized files (Serialized files now loaded: 0)
System memory in use before: 200.4 MB.
System memory in use after: 200.7 MB.

Unloading 4 unused Assets to reduce memory usage. Loaded Objects now: 3223.
Total: 1.586375 ms (FindLiveObjects: 0.112417 ms CreateObjectMapping: 0.052834 ms MarkObjects: 1.395084 ms  DeleteObjects: 0.025208 ms)

========================================================================
Received Import Request.
  Time since last request: 127.100013 seconds.
  path: Assets/Mixer.mixer
  artifactKey: Guid(344eb55a1c7e94580a7e27c4372f591a) Importer(815301076,1909f56bfc062723c751e8b465ee728b)
Start importing Assets/Mixer.mixer using Guid(344eb55a1c7e94580a7e27c4372f591a) Importer(815301076,1909f56bfc062723c751e8b465ee728b)  -> (artifact id: '60e1818daa82c89e9fd4131a2eab7abb') in 0.545009 seconds 
