Using pre-set license

 COMMAND LINE ARGUMENTS:
/Applications/Unity/Unity.app/Contents/MacOS/Unity
-adb2
-batchMode
-noUpm
-name
AssetImportWorker0
-projectPath
/Users/andrea/Desktop/PelotasNoSound
-logFile
Logs/AssetImportWorker0.log
-srvPort
56515
Successfully changed project path to: /Users/andrea/Desktop/PelotasNoSound
/Users/andrea/Desktop/PelotasNoSound
Using Asset Import Pipeline V2.
Refreshing native plugins compatible for Editor in 45.58 ms, found 1 plugins.
Preloading 0 native plugins for Editor in 0.00 ms.
Initialize engine version: 2021.1.6f1 (c0fade0cc7e9)
[Subsystems] Discovering subsystems at path /Applications/Unity/Unity.app/Contents/Resources/UnitySubsystems
[Subsystems] Discovering subsystems at path /Users/andrea/Desktop/PelotasNoSound/Assets
GfxDevice: creating device client; threaded=0; jobified=0
2021-05-23 18:35:42.478 Unity[16895:452395] (null) preferred device: Apple M1 (high power)
2021-05-23 18:35:42.478 Unity[16895:452395] Metal devices available: 1
2021-05-23 18:35:42.478 Unity[16895:452395] 0: Apple M1 (high power)
2021-05-23 18:35:42.478 Unity[16895:452395] Using device Apple M1 (high power)
Initializing Metal device caps: Apple M1
Shader 'Universal Render Pipeline/Particles/Lit': fallback shader 'Universal Render Pipeline/Particles/SimpleLit' not found
Initialize mono
Mono path[0] = '/Applications/Unity/Unity.app/Contents/Managed'
Mono path[1] = '/Applications/Unity/Unity.app/Contents/MonoBleedingEdge/lib/mono/unityjit'
Mono config path = '/Applications/Unity/Unity.app/Contents/MonoBleedingEdge/etc'
Using monoOptions --debugger-agent=transport=dt_socket,embedding=1,server=y,suspend=n,address=127.0.0.1:56895
Begin MonoManager ReloadAssembly
Registering precompiled unity dll's ...
Register platform support module: /Applications/Unity/Unity.app/Contents/PlaybackEngines/MacStandaloneSupport/UnityEditor.OSXStandalone.Extensions.dll
Registered in 0.002368 seconds.
Native extension for OSXStandalone target not found
Refreshing native plugins compatible for Editor in 48.05 ms, found 1 plugins.
Preloading 0 native plugins for Editor in 0.00 ms.
Mono: successfully reloaded assembly
- Completed reload, in  3.172 seconds
Platform modules already initialized, skipping
Registering precompiled user dll's ...
Registered in 0.001025 seconds.
Begin MonoManager ReloadAssembly
Native extension for OSXStandalone target not found
Refreshing native plugins compatible for Editor in 47.78 ms, found 1 plugins.
Preloading 0 native plugins for Editor in 0.00 ms.
Mono: successfully reloaded assembly
- Completed reload, in  2.238 seconds
Platform modules already initialized, skipping
========================================================================
Worker process is ready to serve import requests
Shader 'Universal Render Pipeline/Particles/Lit': fallback shader 'Universal Render Pipeline/Particles/SimpleLit' not found
Launching external process: /Applications/Unity/Unity.app/Contents/Tools/UnityShaderCompiler
Launched and connected shader compiler UnityShaderCompiler after 0.04 seconds
Refreshing native plugins compatible for Editor in 0.41 ms, found 1 plugins.
Preloading 0 native plugins for Editor in 0.00 ms.
Unloading 2750 Unused Serialized files (Serialized files now loaded: 0)
System memory in use before: 198.4 MB.
System memory in use after: 198.6 MB.

Unloading 11 unused Assets to reduce memory usage. Loaded Objects now: 3209.
Total: 2.321792 ms (FindLiveObjects: 0.184292 ms CreateObjectMapping: 0.059500 ms MarkObjects: 2.009666 ms  DeleteObjects: 0.067125 ms)

========================================================================
Received Import Request.
  path: Assets/Scenes/MiniGame.unity
  artifactKey: Guid(194502c23ed64ba60a6098fdfea167ac) Importer(815301076,1909f56bfc062723c751e8b465ee728b)
Start importing Assets/Scenes/MiniGame.unity using Guid(194502c23ed64ba60a6098fdfea167ac) Importer(815301076,1909f56bfc062723c751e8b465ee728b)  -> (artifact id: 'd02b98c2c02d770e077fe66e27fd73a8') in 0.021252 seconds 
========================================================================
Received Prepare
Registering precompiled user dll's ...
Registered in 0.001778 seconds.
Begin MonoManager ReloadAssembly
Native extension for OSXStandalone target not found
Refreshing native plugins compatible for Editor in 0.37 ms, found 1 plugins.
Preloading 0 native plugins for Editor in 0.00 ms.
Mono: successfully reloaded assembly
- Completed reload, in  2.111 seconds
Platform modules already initialized, skipping
Shader 'Universal Render Pipeline/Particles/Lit': fallback shader 'Universal Render Pipeline/Particles/SimpleLit' not found
Refreshing native plugins compatible for Editor in 0.37 ms, found 1 plugins.
Preloading 0 native plugins for Editor in 0.00 ms.
Unloading 2641 Unused Serialized files (Serialized files now loaded: 0)
System memory in use before: 191.6 MB.
System memory in use after: 191.8 MB.

Unloading 4 unused Assets to reduce memory usage. Loaded Objects now: 3212.
Total: 1.788875 ms (FindLiveObjects: 0.153583 ms CreateObjectMapping: 0.057042 ms MarkObjects: 1.554875 ms  DeleteObjects: 0.021958 ms)

========================================================================
Received Import Request.
  Time since last request: 91.306411 seconds.
  path: Assets/Sounds
  artifactKey: Guid(121977e7afbb74eed870ca322d0176d9) Importer(815301076,1909f56bfc062723c751e8b465ee728b)
Start importing Assets/Sounds using Guid(121977e7afbb74eed870ca322d0176d9) Importer(815301076,1909f56bfc062723c751e8b465ee728b)  -> (artifact id: '87ffd09fd9eec4d5af315509199bbf2c') in 0.006735 seconds 
========================================================================
Received Import Request.
  Time since last request: 42.022369 seconds.
  path: Assets/Mixer.mixer
  artifactKey: Guid(344eb55a1c7e94580a7e27c4372f591a) Importer(815301076,1909f56bfc062723c751e8b465ee728b)
Start importing Assets/Mixer.mixer using Guid(344eb55a1c7e94580a7e27c4372f591a) Importer(815301076,1909f56bfc062723c751e8b465ee728b)  -> (artifact id: '3fd5cf15087056c5dd489112a0e2d608') in 0.499267 seconds 
========================================================================
Received Import Request.
  Time since last request: 204.457187 seconds.
  path: Assets/Sounds/Background music soundesign aa4.wav
  artifactKey: Guid(e7c23f38b570d4b21be68c620bf0db66) Importer(815301076,1909f56bfc062723c751e8b465ee728b)
Start importing Assets/Sounds/Background music soundesign aa4.wav using Guid(e7c23f38b570d4b21be68c620bf0db66) Importer(815301076,1909f56bfc062723c751e8b465ee728b)  -> (artifact id: '6d39a4fc6c1ac38c2841c1870e1d2559') in 0.646448 seconds 
========================================================================
Received Import Request.
  Time since last request: 0.000214 seconds.
  path: Assets/Sounds/Bolas chocan aa4.wav
  artifactKey: Guid(5cee8289c1c4a47418dd17ff5a14d859) Importer(815301076,1909f56bfc062723c751e8b465ee728b)
Start importing Assets/Sounds/Bolas chocan aa4.wav using Guid(5cee8289c1c4a47418dd17ff5a14d859) Importer(815301076,1909f56bfc062723c751e8b465ee728b)  -> (artifact id: '893887450645c9d08d29fa9da5bd94fe') in 0.010417 seconds 
========================================================================
Received Import Request.
  Time since last request: 0.000146 seconds.
  path: Assets/Sounds/bolas movement aa4.wav
  artifactKey: Guid(3dc2ba35473e74da0b4b14c1a59d140a) Importer(815301076,1909f56bfc062723c751e8b465ee728b)
Start importing Assets/Sounds/bolas movement aa4.wav using Guid(3dc2ba35473e74da0b4b14c1a59d140a) Importer(815301076,1909f56bfc062723c751e8b465ee728b)  -> (artifact id: 'ca0cfd0347dfb771ebc4620894013a60') in 0.005951 seconds 
========================================================================
Received Import Request.
  Time since last request: 0.000349 seconds.
  path: Assets/Sounds/bloques chocan aa4.wav
  artifactKey: Guid(7a0c237ea6cd54e1e80def81a51e0ed2) Importer(815301076,1909f56bfc062723c751e8b465ee728b)
Start importing Assets/Sounds/bloques chocan aa4.wav using Guid(7a0c237ea6cd54e1e80def81a51e0ed2) Importer(815301076,1909f56bfc062723c751e8b465ee728b)  -> (artifact id: 'cddf2efa384b66cc9451f96871c1af6b') in 0.005838 seconds 
========================================================================
Received Prepare
Registering precompiled user dll's ...
Registered in 0.000541 seconds.
Begin MonoManager ReloadAssembly
Native extension for OSXStandalone target not found
Refreshing native plugins compatible for Editor in 0.46 ms, found 1 plugins.
Preloading 0 native plugins for Editor in 0.00 ms.
Mono: successfully reloaded assembly
- Completed reload, in  2.098 seconds
Platform modules already initialized, skipping
Shader 'Universal Render Pipeline/Particles/Lit': fallback shader 'Universal Render Pipeline/Particles/SimpleLit' not found
Refreshing native plugins compatible for Editor in 0.36 ms, found 1 plugins.
Preloading 0 native plugins for Editor in 0.00 ms.
Unloading 2641 Unused Serialized files (Serialized files now loaded: 0)
System memory in use before: 204.5 MB.
System memory in use after: 204.7 MB.

Unloading 4 unused Assets to reduce memory usage. Loaded Objects now: 3224.
Total: 1.677583 ms (FindLiveObjects: 0.147917 ms CreateObjectMapping: 0.063166 ms MarkObjects: 1.450208 ms  DeleteObjects: 0.015375 ms)

========================================================================
Received Prepare
Registering precompiled user dll's ...
Registered in 0.000493 seconds.
Begin MonoManager ReloadAssembly
Native extension for OSXStandalone target not found
Refreshing native plugins compatible for Editor in 0.37 ms, found 1 plugins.
Preloading 0 native plugins for Editor in 0.00 ms.
Mono: successfully reloaded assembly
- Completed reload, in  2.085 seconds
Platform modules already initialized, skipping
Shader 'Universal Render Pipeline/Particles/Lit': fallback shader 'Universal Render Pipeline/Particles/SimpleLit' not found
Refreshing native plugins compatible for Editor in 0.40 ms, found 1 plugins.
Preloading 0 native plugins for Editor in 0.00 ms.
Unloading 2642 Unused Serialized files (Serialized files now loaded: 0)
System memory in use before: 204.8 MB.
System memory in use after: 205.1 MB.

Unloading 4 unused Assets to reduce memory usage. Loaded Objects now: 3228.
Total: 1.702750 ms (FindLiveObjects: 0.134958 ms CreateObjectMapping: 0.055834 ms MarkObjects: 1.492292 ms  DeleteObjects: 0.018834 ms)

========================================================================
Received Prepare
Registering precompiled user dll's ...
Registered in 0.000667 seconds.
Begin MonoManager ReloadAssembly
Native extension for OSXStandalone target not found
Refreshing native plugins compatible for Editor in 0.38 ms, found 1 plugins.
Preloading 0 native plugins for Editor in 0.00 ms.
Mono: successfully reloaded assembly
- Completed reload, in  2.213 seconds
Platform modules already initialized, skipping
Shader 'Universal Render Pipeline/Particles/Lit': fallback shader 'Universal Render Pipeline/Particles/SimpleLit' not found
Refreshing native plugins compatible for Editor in 0.38 ms, found 1 plugins.
Preloading 0 native plugins for Editor in 0.00 ms.
Unloading 2642 Unused Serialized files (Serialized files now loaded: 0)
System memory in use before: 205.1 MB.
System memory in use after: 205.4 MB.

Unloading 4 unused Assets to reduce memory usage. Loaded Objects now: 3231.
Total: 1.777291 ms (FindLiveObjects: 0.167958 ms CreateObjectMapping: 0.057750 ms MarkObjects: 1.523958 ms  DeleteObjects: 0.026291 ms)

========================================================================
Received Prepare
Registering precompiled user dll's ...
Registered in 0.002125 seconds.
Begin MonoManager ReloadAssembly
Native extension for OSXStandalone target not found
Refreshing native plugins compatible for Editor in 0.36 ms, found 1 plugins.
Preloading 0 native plugins for Editor in 0.00 ms.
Mono: successfully reloaded assembly
- Completed reload, in  2.086 seconds
Platform modules already initialized, skipping
Shader 'Universal Render Pipeline/Particles/Lit': fallback shader 'Universal Render Pipeline/Particles/SimpleLit' not found
Refreshing native plugins compatible for Editor in 0.38 ms, found 1 plugins.
Preloading 0 native plugins for Editor in 0.00 ms.
Unloading 2642 Unused Serialized files (Serialized files now loaded: 0)
System memory in use before: 205.5 MB.
System memory in use after: 205.7 MB.

Unloading 4 unused Assets to reduce memory usage. Loaded Objects now: 3234.
Total: 1.724666 ms (FindLiveObjects: 0.127791 ms CreateObjectMapping: 0.057625 ms MarkObjects: 1.514875 ms  DeleteObjects: 0.023375 ms)

========================================================================
Received Prepare
Registering precompiled user dll's ...
Registered in 0.000517 seconds.
Begin MonoManager ReloadAssembly
Native extension for OSXStandalone target not found
Refreshing native plugins compatible for Editor in 0.38 ms, found 1 plugins.
Preloading 0 native plugins for Editor in 0.00 ms.
Mono: successfully reloaded assembly
- Completed reload, in  2.177 seconds
Platform modules already initialized, skipping
Shader 'Universal Render Pipeline/Particles/Lit': fallback shader 'Universal Render Pipeline/Particles/SimpleLit' not found
Refreshing native plugins compatible for Editor in 0.36 ms, found 1 plugins.
Preloading 0 native plugins for Editor in 0.00 ms.
Unloading 2642 Unused Serialized files (Serialized files now loaded: 0)
System memory in use before: 205.7 MB.
System memory in use after: 206.0 MB.

Unloading 4 unused Assets to reduce memory usage. Loaded Objects now: 3237.
Total: 1.686709 ms (FindLiveObjects: 0.129083 ms CreateObjectMapping: 0.056834 ms MarkObjects: 1.482166 ms  DeleteObjects: 0.017792 ms)

========================================================================
Received Prepare
Registering precompiled user dll's ...
Registered in 0.000570 seconds.
Begin MonoManager ReloadAssembly
Native extension for OSXStandalone target not found
Refreshing native plugins compatible for Editor in 0.40 ms, found 1 plugins.
Preloading 0 native plugins for Editor in 0.00 ms.
Mono: successfully reloaded assembly
- Completed reload, in  2.196 seconds
Platform modules already initialized, skipping
Shader 'Universal Render Pipeline/Particles/Lit': fallback shader 'Universal Render Pipeline/Particles/SimpleLit' not found
Refreshing native plugins compatible for Editor in 0.44 ms, found 1 plugins.
Preloading 0 native plugins for Editor in 0.00 ms.
Unloading 2642 Unused Serialized files (Serialized files now loaded: 0)
System memory in use before: 206.0 MB.
System memory in use after: 206.3 MB.

Unloading 4 unused Assets to reduce memory usage. Loaded Objects now: 3240.
Total: 1.680584 ms (FindLiveObjects: 0.128292 ms CreateObjectMapping: 0.061666 ms MarkObjects: 1.474250 ms  DeleteObjects: 0.015291 ms)

========================================================================
Received Prepare
Registering precompiled user dll's ...
Registered in 0.002938 seconds.
Begin MonoManager ReloadAssembly
Native extension for OSXStandalone target not found
Refreshing native plugins compatible for Editor in 0.37 ms, found 1 plugins.
Preloading 0 native plugins for Editor in 0.00 ms.
Mono: successfully reloaded assembly
- Completed reload, in  2.078 seconds
Platform modules already initialized, skipping
Shader 'Universal Render Pipeline/Particles/Lit': fallback shader 'Universal Render Pipeline/Particles/SimpleLit' not found
Refreshing native plugins compatible for Editor in 0.46 ms, found 1 plugins.
Preloading 0 native plugins for Editor in 0.00 ms.
Unloading 2642 Unused Serialized files (Serialized files now loaded: 0)
System memory in use before: 206.3 MB.
System memory in use after: 206.6 MB.

Unloading 4 unused Assets to reduce memory usage. Loaded Objects now: 3243.
Total: 1.730250 ms (FindLiveObjects: 0.163500 ms CreateObjectMapping: 0.058708 ms MarkObjects: 1.491292 ms  DeleteObjects: 0.015334 ms)

========================================================================
Received Prepare
Registering precompiled user dll's ...
Registered in 0.000565 seconds.
Begin MonoManager ReloadAssembly
Native extension for OSXStandalone target not found
Refreshing native plugins compatible for Editor in 0.44 ms, found 1 plugins.
Preloading 0 native plugins for Editor in 0.00 ms.
Mono: successfully reloaded assembly
- Completed reload, in  2.253 seconds
Platform modules already initialized, skipping
Shader 'Universal Render Pipeline/Particles/Lit': fallback shader 'Universal Render Pipeline/Particles/SimpleLit' not found
Refreshing native plugins compatible for Editor in 0.39 ms, found 1 plugins.
Preloading 0 native plugins for Editor in 0.00 ms.
Unloading 2642 Unused Serialized files (Serialized files now loaded: 0)
System memory in use before: 206.6 MB.
System memory in use after: 206.9 MB.

Unloading 4 unused Assets to reduce memory usage. Loaded Objects now: 3246.
Total: 1.789875 ms (FindLiveObjects: 0.166250 ms CreateObjectMapping: 0.061541 ms MarkObjects: 1.536708 ms  DeleteObjects: 0.024250 ms)

========================================================================
Received Prepare
Registering precompiled user dll's ...
Registered in 0.002024 seconds.
Begin MonoManager ReloadAssembly
Native extension for OSXStandalone target not found
Refreshing native plugins compatible for Editor in 0.52 ms, found 1 plugins.
Preloading 0 native plugins for Editor in 0.00 ms.
Mono: successfully reloaded assembly
- Completed reload, in  2.095 seconds
Platform modules already initialized, skipping
Shader 'Universal Render Pipeline/Particles/Lit': fallback shader 'Universal Render Pipeline/Particles/SimpleLit' not found
Refreshing native plugins compatible for Editor in 0.35 ms, found 1 plugins.
Preloading 0 native plugins for Editor in 0.00 ms.
Unloading 2642 Unused Serialized files (Serialized files now loaded: 0)
System memory in use before: 206.9 MB.
System memory in use after: 207.2 MB.

Unloading 4 unused Assets to reduce memory usage. Loaded Objects now: 3249.
Total: 1.684792 ms (FindLiveObjects: 0.121375 ms CreateObjectMapping: 0.059250 ms MarkObjects: 1.487125 ms  DeleteObjects: 0.016125 ms)

========================================================================
Received Prepare
Registering precompiled user dll's ...
Registered in 0.000597 seconds.
Begin MonoManager ReloadAssembly
Native extension for OSXStandalone target not found
Refreshing native plugins compatible for Editor in 0.40 ms, found 1 plugins.
Preloading 0 native plugins for Editor in 0.00 ms.
Mono: successfully reloaded assembly
- Completed reload, in  2.270 seconds
Platform modules already initialized, skipping
Shader 'Universal Render Pipeline/Particles/Lit': fallback shader 'Universal Render Pipeline/Particles/SimpleLit' not found
Refreshing native plugins compatible for Editor in 0.36 ms, found 1 plugins.
Preloading 0 native plugins for Editor in 0.00 ms.
Unloading 2642 Unused Serialized files (Serialized files now loaded: 0)
System memory in use before: 207.2 MB.
System memory in use after: 207.5 MB.

Unloading 4 unused Assets to reduce memory usage. Loaded Objects now: 3252.
Total: 1.665125 ms (FindLiveObjects: 0.130958 ms CreateObjectMapping: 0.058333 ms MarkObjects: 1.449000 ms  DeleteObjects: 0.026083 ms)

========================================================================
Received Prepare
Registering precompiled user dll's ...
Registered in 0.000962 seconds.
Begin MonoManager ReloadAssembly
Native extension for OSXStandalone target not found
Refreshing native plugins compatible for Editor in 0.35 ms, found 1 plugins.
Preloading 0 native plugins for Editor in 0.00 ms.
Mono: successfully reloaded assembly
- Completed reload, in  2.090 seconds
Platform modules already initialized, skipping
Shader 'Universal Render Pipeline/Particles/Lit': fallback shader 'Universal Render Pipeline/Particles/SimpleLit' not found
Refreshing native plugins compatible for Editor in 0.35 ms, found 1 plugins.
Preloading 0 native plugins for Editor in 0.00 ms.
Unloading 2642 Unused Serialized files (Serialized files now loaded: 0)
System memory in use before: 207.5 MB.
System memory in use after: 207.8 MB.

Unloading 4 unused Assets to reduce memory usage. Loaded Objects now: 3255.
Total: 2.224584 ms (FindLiveObjects: 0.175333 ms CreateObjectMapping: 0.098125 ms MarkObjects: 1.934041 ms  DeleteObjects: 0.015792 ms)

========================================================================
Received Prepare
Registering precompiled user dll's ...
Registered in 0.000494 seconds.
Begin MonoManager ReloadAssembly
Native extension for OSXStandalone target not found
Refreshing native plugins compatible for Editor in 0.39 ms, found 1 plugins.
Preloading 0 native plugins for Editor in 0.00 ms.
Mono: successfully reloaded assembly
- Completed reload, in  2.170 seconds
Platform modules already initialized, skipping
Shader 'Universal Render Pipeline/Particles/Lit': fallback shader 'Universal Render Pipeline/Particles/SimpleLit' not found
Refreshing native plugins compatible for Editor in 0.36 ms, found 1 plugins.
Preloading 0 native plugins for Editor in 0.00 ms.
Unloading 2642 Unused Serialized files (Serialized files now loaded: 0)
System memory in use before: 207.8 MB.
System memory in use after: 208.1 MB.

Unloading 4 unused Assets to reduce memory usage. Loaded Objects now: 3258.
Total: 1.678458 ms (FindLiveObjects: 0.137917 ms CreateObjectMapping: 0.061083 ms MarkObjects: 1.464417 ms  DeleteObjects: 0.014166 ms)

========================================================================
Received Prepare
Registering precompiled user dll's ...
Registered in 0.000553 seconds.
Begin MonoManager ReloadAssembly
Native extension for OSXStandalone target not found
Refreshing native plugins compatible for Editor in 0.38 ms, found 1 plugins.
Preloading 0 native plugins for Editor in 0.00 ms.
Mono: successfully reloaded assembly
- Completed reload, in  2.232 seconds
Platform modules already initialized, skipping
Shader 'Universal Render Pipeline/Particles/Lit': fallback shader 'Universal Render Pipeline/Particles/SimpleLit' not found
Refreshing native plugins compatible for Editor in 0.36 ms, found 1 plugins.
Preloading 0 native plugins for Editor in 0.00 ms.
Unloading 2642 Unused Serialized files (Serialized files now loaded: 0)
System memory in use before: 208.1 MB.
System memory in use after: 208.4 MB.

Unloading 4 unused Assets to reduce memory usage. Loaded Objects now: 3261.
Total: 2.275750 ms (FindLiveObjects: 0.321875 ms CreateObjectMapping: 0.089542 ms MarkObjects: 1.830375 ms  DeleteObjects: 0.031833 ms)

========================================================================
Received Prepare
Registering precompiled user dll's ...
Registered in 0.000567 seconds.
Begin MonoManager ReloadAssembly
Native extension for OSXStandalone target not found
Refreshing native plugins compatible for Editor in 0.61 ms, found 1 plugins.
Preloading 0 native plugins for Editor in 0.00 ms.
Mono: successfully reloaded assembly
- Completed reload, in  2.276 seconds
Platform modules already initialized, skipping
Shader 'Universal Render Pipeline/Particles/Lit': fallback shader 'Universal Render Pipeline/Particles/SimpleLit' not found
Refreshing native plugins compatible for Editor in 0.36 ms, found 1 plugins.
Preloading 0 native plugins for Editor in 0.00 ms.
Unloading 2642 Unused Serialized files (Serialized files now loaded: 0)
System memory in use before: 208.4 MB.
System memory in use after: 208.7 MB.

Unloading 4 unused Assets to reduce memory usage. Loaded Objects now: 3264.
Total: 2.343292 ms (FindLiveObjects: 0.210334 ms CreateObjectMapping: 0.127917 ms MarkObjects: 1.962083 ms  DeleteObjects: 0.041542 ms)

========================================================================
Received Prepare
Registering precompiled user dll's ...
Registered in 0.001761 seconds.
Begin MonoManager ReloadAssembly
Native extension for OSXStandalone target not found
Refreshing native plugins compatible for Editor in 0.37 ms, found 1 plugins.
Preloading 0 native plugins for Editor in 0.00 ms.
Mono: successfully reloaded assembly
- Completed reload, in  2.191 seconds
Platform modules already initialized, skipping
Shader 'Universal Render Pipeline/Particles/Lit': fallback shader 'Universal Render Pipeline/Particles/SimpleLit' not found
Refreshing native plugins compatible for Editor in 0.38 ms, found 1 plugins.
Preloading 0 native plugins for Editor in 0.00 ms.
Unloading 2642 Unused Serialized files (Serialized files now loaded: 0)
System memory in use before: 208.7 MB.
System memory in use after: 209.0 MB.

Unloading 4 unused Assets to reduce memory usage. Loaded Objects now: 3267.
Total: 1.713875 ms (FindLiveObjects: 0.141958 ms CreateObjectMapping: 0.057292 ms MarkObjects: 1.485125 ms  DeleteObjects: 0.028417 ms)

========================================================================
Received Prepare
Registering precompiled user dll's ...
Registered in 0.000553 seconds.
Begin MonoManager ReloadAssembly
Native extension for OSXStandalone target not found
Refreshing native plugins compatible for Editor in 0.40 ms, found 1 plugins.
Preloading 0 native plugins for Editor in 0.00 ms.
Mono: successfully reloaded assembly
- Completed reload, in  2.276 seconds
Platform modules already initialized, skipping
Shader 'Universal Render Pipeline/Particles/Lit': fallback shader 'Universal Render Pipeline/Particles/SimpleLit' not found
Refreshing native plugins compatible for Editor in 0.36 ms, found 1 plugins.
Preloading 0 native plugins for Editor in 0.00 ms.
Unloading 2642 Unused Serialized files (Serialized files now loaded: 0)
System memory in use before: 209.0 MB.
System memory in use after: 209.3 MB.

Unloading 4 unused Assets to reduce memory usage. Loaded Objects now: 3270.
Total: 1.772875 ms (FindLiveObjects: 0.143625 ms CreateObjectMapping: 0.059917 ms MarkObjects: 1.544541 ms  DeleteObjects: 0.023750 ms)

========================================================================
Received Prepare
Registering precompiled user dll's ...
Registered in 0.001687 seconds.
Begin MonoManager ReloadAssembly
Native extension for OSXStandalone target not found
Refreshing native plugins compatible for Editor in 0.38 ms, found 1 plugins.
Preloading 0 native plugins for Editor in 0.00 ms.
Mono: successfully reloaded assembly
- Completed reload, in  2.123 seconds
Platform modules already initialized, skipping
Shader 'Universal Render Pipeline/Particles/Lit': fallback shader 'Universal Render Pipeline/Particles/SimpleLit' not found
Refreshing native plugins compatible for Editor in 0.38 ms, found 1 plugins.
Preloading 0 native plugins for Editor in 0.00 ms.
Unloading 2642 Unused Serialized files (Serialized files now loaded: 0)
System memory in use before: 209.3 MB.
System memory in use after: 209.5 MB.

Unloading 4 unused Assets to reduce memory usage. Loaded Objects now: 3273.
Total: 1.702750 ms (FindLiveObjects: 0.140833 ms CreateObjectMapping: 0.060542 ms MarkObjects: 1.483708 ms  DeleteObjects: 0.016875 ms)

========================================================================
Received Import Request.
  Time since last request: 2518.885146 seconds.
  path: Assets/Mixer.mixer
  artifactKey: Guid(344eb55a1c7e94580a7e27c4372f591a) Importer(815301076,1909f56bfc062723c751e8b465ee728b)
Start importing Assets/Mixer.mixer using Guid(344eb55a1c7e94580a7e27c4372f591a) Importer(815301076,1909f56bfc062723c751e8b465ee728b)  -> (artifact id: 'bf003728acdf2b6d554badb72247394e') in 0.029175 seconds 
========================================================================
Received Prepare
Registering precompiled user dll's ...
Registered in 0.000566 seconds.
Begin MonoManager ReloadAssembly
Native extension for OSXStandalone target not found
Refreshing native plugins compatible for Editor in 0.38 ms, found 1 plugins.
Preloading 0 native plugins for Editor in 0.00 ms.
Mono: successfully reloaded assembly
- Completed reload, in  2.171 seconds
Platform modules already initialized, skipping
Shader 'Universal Render Pipeline/Particles/Lit': fallback shader 'Universal Render Pipeline/Particles/SimpleLit' not found
Refreshing native plugins compatible for Editor in 0.37 ms, found 1 plugins.
Preloading 0 native plugins for Editor in 0.00 ms.
Unloading 2643 Unused Serialized files (Serialized files now loaded: 0)
System memory in use before: 209.7 MB.
System memory in use after: 209.9 MB.

Unloading 4 unused Assets to reduce memory usage. Loaded Objects now: 3277.
Total: 2.015542 ms (FindLiveObjects: 0.138875 ms CreateObjectMapping: 0.059250 ms MarkObjects: 1.796959 ms  DeleteObjects: 0.019333 ms)

========================================================================
Received Prepare
Registering precompiled user dll's ...
Registered in 0.000547 seconds.
Begin MonoManager ReloadAssembly
Native extension for OSXStandalone target not found
Refreshing native plugins compatible for Editor in 0.38 ms, found 1 plugins.
Preloading 0 native plugins for Editor in 0.00 ms.
Mono: successfully reloaded assembly
- Completed reload, in  2.227 seconds
Platform modules already initialized, skipping
Shader 'Universal Render Pipeline/Particles/Lit': fallback shader 'Universal Render Pipeline/Particles/SimpleLit' not found
Refreshing native plugins compatible for Editor in 0.37 ms, found 1 plugins.
Preloading 0 native plugins for Editor in 0.00 ms.
Unloading 2643 Unused Serialized files (Serialized files now loaded: 0)
System memory in use before: 210.0 MB.
System memory in use after: 210.2 MB.

Unloading 4 unused Assets to reduce memory usage. Loaded Objects now: 3280.
Total: 1.876166 ms (FindLiveObjects: 0.146375 ms CreateObjectMapping: 0.074625 ms MarkObjects: 1.632917 ms  DeleteObjects: 0.021375 ms)

========================================================================
Received Prepare
Registering precompiled user dll's ...
Registered in 0.000515 seconds.
Begin MonoManager ReloadAssembly
Native extension for OSXStandalone target not found
Refreshing native plugins compatible for Editor in 0.34 ms, found 1 plugins.
Preloading 0 native plugins for Editor in 0.00 ms.
Mono: successfully reloaded assembly
- Completed reload, in  2.064 seconds
Platform modules already initialized, skipping
Shader 'Universal Render Pipeline/Particles/Lit': fallback shader 'Universal Render Pipeline/Particles/SimpleLit' not found
Refreshing native plugins compatible for Editor in 0.36 ms, found 1 plugins.
Preloading 0 native plugins for Editor in 0.00 ms.
Unloading 2643 Unused Serialized files (Serialized files now loaded: 0)
System memory in use before: 210.3 MB.
System memory in use after: 210.5 MB.

Unloading 4 unused Assets to reduce memory usage. Loaded Objects now: 3283.
Total: 1.740709 ms (FindLiveObjects: 0.161166 ms CreateObjectMapping: 0.058000 ms MarkObjects: 1.505375 ms  DeleteObjects: 0.015084 ms)

========================================================================
Received Prepare
Registering precompiled user dll's ...
Registered in 0.000540 seconds.
Begin MonoManager ReloadAssembly
Native extension for OSXStandalone target not found
Refreshing native plugins compatible for Editor in 0.39 ms, found 1 plugins.
Preloading 0 native plugins for Editor in 0.00 ms.
Mono: successfully reloaded assembly
- Completed reload, in  2.215 seconds
Platform modules already initialized, skipping
Shader 'Universal Render Pipeline/Particles/Lit': fallback shader 'Universal Render Pipeline/Particles/SimpleLit' not found
Refreshing native plugins compatible for Editor in 0.36 ms, found 1 plugins.
Preloading 0 native plugins for Editor in 0.00 ms.
Unloading 2643 Unused Serialized files (Serialized files now loaded: 0)
System memory in use before: 210.6 MB.
System memory in use after: 210.8 MB.

Unloading 4 unused Assets to reduce memory usage. Loaded Objects now: 3286.
Total: 1.844250 ms (FindLiveObjects: 0.164750 ms CreateObjectMapping: 0.061334 ms MarkObjects: 1.594083 ms  DeleteObjects: 0.022959 ms)

========================================================================
Received Prepare
Registering precompiled user dll's ...
Registered in 0.001628 seconds.
Begin MonoManager ReloadAssembly
Native extension for OSXStandalone target not found
Refreshing native plugins compatible for Editor in 0.49 ms, found 1 plugins.
Preloading 0 native plugins for Editor in 0.00 ms.
Mono: successfully reloaded assembly
- Completed reload, in  2.096 seconds
Platform modules already initialized, skipping
Shader 'Universal Render Pipeline/Particles/Lit': fallback shader 'Universal Render Pipeline/Particles/SimpleLit' not found
Refreshing native plugins compatible for Editor in 0.36 ms, found 1 plugins.
Preloading 0 native plugins for Editor in 0.00 ms.
Unloading 2643 Unused Serialized files (Serialized files now loaded: 0)
System memory in use before: 210.8 MB.
System memory in use after: 211.1 MB.

Unloading 4 unused Assets to reduce memory usage. Loaded Objects now: 3289.
Total: 1.682875 ms (FindLiveObjects: 0.130708 ms CreateObjectMapping: 0.056083 ms MarkObjects: 1.477500 ms  DeleteObjects: 0.017792 ms)

========================================================================
Received Import Request.
  Time since last request: 557.965412 seconds.
  path: Assets/Mixer.mixer
  artifactKey: Guid(344eb55a1c7e94580a7e27c4372f591a) Importer(815301076,1909f56bfc062723c751e8b465ee728b)
Start importing Assets/Mixer.mixer using Guid(344eb55a1c7e94580a7e27c4372f591a) Importer(815301076,1909f56bfc062723c751e8b465ee728b)  -> (artifact id: '8d19f5565db3cae51ca3b1b256e468f5') in 0.023779 seconds 
========================================================================
Received Import Request.
  Time since last request: 9.379692 seconds.
  path: Assets/Mixer.mixer
  artifactKey: Guid(344eb55a1c7e94580a7e27c4372f591a) Importer(815301076,1909f56bfc062723c751e8b465ee728b)
Start importing Assets/Mixer.mixer using Guid(344eb55a1c7e94580a7e27c4372f591a) Importer(815301076,1909f56bfc062723c751e8b465ee728b)  -> (artifact id: '8613646faf1da627ffe9655e24bd4c2c') in 0.001892 seconds 
========================================================================
Received Import Request.
  Time since last request: 2.509910 seconds.
  path: Assets/Mixer.mixer
  artifactKey: Guid(344eb55a1c7e94580a7e27c4372f591a) Importer(815301076,1909f56bfc062723c751e8b465ee728b)
Start importing Assets/Mixer.mixer using Guid(344eb55a1c7e94580a7e27c4372f591a) Importer(815301076,1909f56bfc062723c751e8b465ee728b)  -> (artifact id: '1e7768f08ba6e2414cba1f74fcadf4cc') in 0.001856 seconds 
========================================================================
Received Import Request.
  Time since last request: 15.264884 seconds.
  path: Assets/Mixer.mixer
  artifactKey: Guid(344eb55a1c7e94580a7e27c4372f591a) Importer(815301076,1909f56bfc062723c751e8b465ee728b)
Start importing Assets/Mixer.mixer using Guid(344eb55a1c7e94580a7e27c4372f591a) Importer(815301076,1909f56bfc062723c751e8b465ee728b)  -> (artifact id: '0c5cd3a62fa9622183b390596c5417f2') in 0.002395 seconds 
========================================================================
Received Import Request.
  Time since last request: 3.295349 seconds.
  path: Assets/Mixer.mixer
  artifactKey: Guid(344eb55a1c7e94580a7e27c4372f591a) Importer(815301076,1909f56bfc062723c751e8b465ee728b)
Start importing Assets/Mixer.mixer using Guid(344eb55a1c7e94580a7e27c4372f591a) Importer(815301076,1909f56bfc062723c751e8b465ee728b)  -> (artifact id: '4caab2b061b2c0a833b27f076fc3b21a') in 0.002489 seconds 
========================================================================
Received Import Request.
  Time since last request: 1.056242 seconds.
  path: Assets/Mixer.mixer
  artifactKey: Guid(344eb55a1c7e94580a7e27c4372f591a) Importer(815301076,1909f56bfc062723c751e8b465ee728b)
Start importing Assets/Mixer.mixer using Guid(344eb55a1c7e94580a7e27c4372f591a) Importer(815301076,1909f56bfc062723c751e8b465ee728b)  -> (artifact id: '2397e41499f31fdd096d4491bcfbf4f5') in 0.001897 seconds 
========================================================================
Received Import Request.
  Time since last request: 8.872556 seconds.
  path: Assets/Mixer.mixer
  artifactKey: Guid(344eb55a1c7e94580a7e27c4372f591a) Importer(815301076,1909f56bfc062723c751e8b465ee728b)
Start importing Assets/Mixer.mixer using Guid(344eb55a1c7e94580a7e27c4372f591a) Importer(815301076,1909f56bfc062723c751e8b465ee728b)  -> (artifact id: '64cd41273896e6959871eaacc236dc41') in 0.001837 seconds 
========================================================================
Received Import Request.
  Time since last request: 2.976711 seconds.
  path: Assets/Mixer.mixer
  artifactKey: Guid(344eb55a1c7e94580a7e27c4372f591a) Importer(815301076,1909f56bfc062723c751e8b465ee728b)
Start importing Assets/Mixer.mixer using Guid(344eb55a1c7e94580a7e27c4372f591a) Importer(815301076,1909f56bfc062723c751e8b465ee728b)  -> (artifact id: '5d170a8e63f51e5795169dc3e5262b47') in 0.001986 seconds 
========================================================================
Received Import Request.
  Time since last request: 3.793268 seconds.
  path: Assets/Mixer.mixer
  artifactKey: Guid(344eb55a1c7e94580a7e27c4372f591a) Importer(815301076,1909f56bfc062723c751e8b465ee728b)
Start importing Assets/Mixer.mixer using Guid(344eb55a1c7e94580a7e27c4372f591a) Importer(815301076,1909f56bfc062723c751e8b465ee728b)  -> (artifact id: '0149ebbfbda9a7fca4463831a80bea1f') in 0.003038 seconds 
========================================================================
Received Prepare
Registering precompiled user dll's ...
Registered in 0.000612 seconds.
Begin MonoManager ReloadAssembly
Native extension for OSXStandalone target not found
Refreshing native plugins compatible for Editor in 0.41 ms, found 1 plugins.
Preloading 0 native plugins for Editor in 0.00 ms.
Mono: successfully reloaded assembly
- Completed reload, in  2.254 seconds
Platform modules already initialized, skipping
Shader 'Universal Render Pipeline/Particles/Lit': fallback shader 'Universal Render Pipeline/Particles/SimpleLit' not found
Refreshing native plugins compatible for Editor in 0.46 ms, found 1 plugins.
Preloading 0 native plugins for Editor in 0.00 ms.
Unloading 2643 Unused Serialized files (Serialized files now loaded: 0)
System memory in use before: 211.2 MB.
System memory in use after: 211.4 MB.

Unloading 4 unused Assets to reduce memory usage. Loaded Objects now: 3292.
Total: 1.768625 ms (FindLiveObjects: 0.158667 ms CreateObjectMapping: 0.061000 ms MarkObjects: 1.528750 ms  DeleteObjects: 0.019167 ms)

========================================================================
Received Prepare
Registering precompiled user dll's ...
Registered in 0.001169 seconds.
Begin MonoManager ReloadAssembly
Native extension for OSXStandalone target not found
Refreshing native plugins compatible for Editor in 0.38 ms, found 1 plugins.
Preloading 0 native plugins for Editor in 0.00 ms.
Mono: successfully reloaded assembly
- Completed reload, in  2.143 seconds
Platform modules already initialized, skipping
Shader 'Universal Render Pipeline/Particles/Lit': fallback shader 'Universal Render Pipeline/Particles/SimpleLit' not found
Refreshing native plugins compatible for Editor in 0.37 ms, found 1 plugins.
Preloading 0 native plugins for Editor in 0.00 ms.
Unloading 2643 Unused Serialized files (Serialized files now loaded: 0)
System memory in use before: 211.4 MB.
System memory in use after: 211.7 MB.

Unloading 4 unused Assets to reduce memory usage. Loaded Objects now: 3295.
Total: 1.737417 ms (FindLiveObjects: 0.144041 ms CreateObjectMapping: 0.060458 ms MarkObjects: 1.519500 ms  DeleteObjects: 0.012458 ms)

========================================================================
Received Prepare
Registering precompiled user dll's ...
Registered in 0.000655 seconds.
Begin MonoManager ReloadAssembly
Native extension for OSXStandalone target not found
Refreshing native plugins compatible for Editor in 0.41 ms, found 1 plugins.
Preloading 0 native plugins for Editor in 0.00 ms.
Mono: successfully reloaded assembly
- Completed reload, in  2.325 seconds
Platform modules already initialized, skipping
Shader 'Universal Render Pipeline/Particles/Lit': fallback shader 'Universal Render Pipeline/Particles/SimpleLit' not found
Refreshing native plugins compatible for Editor in 0.37 ms, found 1 plugins.
Preloading 0 native plugins for Editor in 0.00 ms.
Unloading 2643 Unused Serialized files (Serialized files now loaded: 0)
System memory in use before: 211.8 MB.
System memory in use after: 212.0 MB.

Unloading 4 unused Assets to reduce memory usage. Loaded Objects now: 3298.
Total: 2.252167 ms (FindLiveObjects: 0.223541 ms CreateObjectMapping: 0.070959 ms MarkObjects: 1.918709 ms  DeleteObjects: 0.037416 ms)

========================================================================
Received Prepare
Registering precompiled user dll's ...
Registered in 0.001732 seconds.
Begin MonoManager ReloadAssembly
Native extension for OSXStandalone target not found
Refreshing native plugins compatible for Editor in 0.39 ms, found 1 plugins.
Preloading 0 native plugins for Editor in 0.00 ms.
Mono: successfully reloaded assembly
- Completed reload, in  2.119 seconds
Platform modules already initialized, skipping
Shader 'Universal Render Pipeline/Particles/Lit': fallback shader 'Universal Render Pipeline/Particles/SimpleLit' not found
Refreshing native plugins compatible for Editor in 0.35 ms, found 1 plugins.
Preloading 0 native plugins for Editor in 0.00 ms.
Unloading 2643 Unused Serialized files (Serialized files now loaded: 0)
System memory in use before: 212.1 MB.
System memory in use after: 212.3 MB.

Unloading 4 unused Assets to reduce memory usage. Loaded Objects now: 3301.
Total: 1.680541 ms (FindLiveObjects: 0.126875 ms CreateObjectMapping: 0.058416 ms MarkObjects: 1.476042 ms  DeleteObjects: 0.018416 ms)

========================================================================
Received Import Request.
  Time since last request: 508.682297 seconds.
  path: Assets/Mixer.mixer
  artifactKey: Guid(344eb55a1c7e94580a7e27c4372f591a) Importer(815301076,1909f56bfc062723c751e8b465ee728b)
Start importing Assets/Mixer.mixer using Guid(344eb55a1c7e94580a7e27c4372f591a) Importer(815301076,1909f56bfc062723c751e8b465ee728b)  -> (artifact id: '35cd48ee5ee6d04fba2b19b6986e68ce') in 0.027097 seconds 
========================================================================
Received Import Request.
  Time since last request: 42.744465 seconds.
  path: Assets/Mixer.mixer
  artifactKey: Guid(344eb55a1c7e94580a7e27c4372f591a) Importer(815301076,1909f56bfc062723c751e8b465ee728b)
Start importing Assets/Mixer.mixer using Guid(344eb55a1c7e94580a7e27c4372f591a) Importer(815301076,1909f56bfc062723c751e8b465ee728b)  -> (artifact id: '62c6716de31e248d966ef69c355f5552') in 0.003290 seconds 
